<?xml version="1.0" encoding="UTF-8"?>
<!-- Generated by org.testng.reporters.JUnitReportReporter -->
<testsuite hostname="IN00446" name="common.test.Assignment3" tests="3" failures="0" timestamp="6 Oct 2016 08:44:54 GMT" time="3.538" errors="0">
  <testcase name="testDateResult" time="0.765" classname="common.test.Assignment3"/>
  <testcase name="verifyResults" time="0.032" classname="common.test.Assignment3"/>
  <testcase name="openBrowser" time="2.741" classname="common.test.Assignment3"/>
</testsuite> <!-- common.test.Assignment3 -->
