<?xml version="1.0" encoding="UTF-8"?>
<!-- Generated by org.testng.reporters.JUnitReportReporter -->
<testsuite hostname="IN00446" name="selenium.example.Test1" tests="3" failures="0" timestamp="5 Oct 2016 15:38:41 GMT" time="3.311" errors="0">
  <testcase name="testDateResult" time="0.774" classname="selenium.example.Test1"/>
  <testcase name="verifyResults" time="0.037" classname="selenium.example.Test1"/>
  <testcase name="openBrowser" time="2.500" classname="selenium.example.Test1"/>
</testsuite> <!-- selenium.example.Test1 -->
